Build started 07.06.2016 23:59:14.
     1>Project "C:\visual studio 2015\Projects\StarSystem\StarSystem\StarSystem.vcxproj" on node 2 (Build target(s)).
     1>ClCompile:
         C:\Program Files (x86)\Microsoft Visual Studio 14.0\VC\bin\CL.exe /c /I"C:\visual studio 2015\Projects\StarSystem\packages\AntTweakBar.1.16.2\build\native\../..//build/native/include/" /I"C:\visual studio 2015\Projects\StarSystem\packages\nupengl.core.0.1.0.1\build\native\../..//build/native/include/" /Zi /nologo /W3 /WX- /O2 /Oi /Oy- /GL /D HAS_ANTTWEAKBAR /D WIN32 /D NDEBUG /D _CONSOLE /D _UNICODE /D UNICODE /Gm- /EHsc /MD /GS /Gy /fp:precise /Zc:wchar_t /Zc:forScope /Zc:inline /Yu"stdafx.h" /Fp"Release\StarSystem.pch" /Fo"Release\\" /Fd"Release\vc140.pdb" /Gd /TP /analyze- /errorReport:prompt SpaceObjects.cpp
         SpaceObjects.cpp
     1>SpaceObjects.cpp(190): warning C4244: 'argument': conversion from 'double' to 'GLfloat', possible loss of data
     1>SpaceObjects.cpp(191): warning C4244: 'argument': conversion from 'double' to 'GLfloat', possible loss of data
     1>SpaceObjects.cpp(222): warning C4244: 'argument': conversion from 'double' to 'GLfloat', possible loss of data
     1>SpaceObjects.cpp(257): warning C4244: '=': conversion from 'double' to 'float', possible loss of data
     1>SpaceObjects.cpp(263): warning C4244: 'argument': conversion from 'double' to 'GLfloat', possible loss of data
     1>SpaceObjects.cpp(281): warning C4244: 'argument': conversion from 'double' to 'GLfloat', possible loss of data
     1>SpaceObjects.cpp(349): warning C4244: 'argument': conversion from 'double' to 'GLfloat', possible loss of data
       Link:
         C:\Program Files (x86)\Microsoft Visual Studio 14.0\VC\bin\link.exe /ERRORREPORT:PROMPT /OUT:"C:\visual studio 2015\Projects\StarSystem\Release\StarSystem.exe" /INCREMENTAL:NO /NOLOGO "C:\visual studio 2015\Projects\StarSystem\packages\AntTweakBar.1.16.2\build\native\../..//build/native/lib/Win32\v140\Release\AntTweakBar.lib" "C:\visual studio 2015\Projects\StarSystem\packages\nupengl.core.0.1.0.1\build\native\../..//build/native/lib/Win32\glew32.lib" "C:\visual studio 2015\Projects\StarSystem\packages\nupengl.core.0.1.0.1\build\native\../..//build/native/lib/Win32\glfw3dll.lib" "C:\visual studio 2015\Projects\StarSystem\packages\nupengl.core.0.1.0.1\build\native\../..//build/native/lib/Win32\freeglut.lib" opengl32.lib SOIL.lib kernel32.lib user32.lib gdi32.lib winspool.lib comdlg32.lib advapi32.lib shell32.lib ole32.lib oleaut32.lib uuid.lib odbc32.lib odbccp32.lib /MANIFEST /MANIFESTUAC:"level='asInvoker' uiAccess='false'" /manifest:embed /Debug /PDB:"C:\visual studio 2015\Projects\StarSystem\Release\StarSystem.pdb" /SUBSYSTEM:CONSOLE /OPT:REF /OPT:ICF /LTCG:incremental /TLBID:1 /DYNAMICBASE /NXCOMPAT /IMPLIB:"C:\visual studio 2015\Projects\StarSystem\Release\StarSystem.lib" /MACHINE:X86 /SAFESEH Release\ControlPane.obj
         Release\glutCB.obj
         Release\Camera.obj
         Release\SpaceObjects.obj
         Release\StarSystem.obj
         Release\stdafx.obj
         Release\RenderManager.obj
         Release\twCB.obj
         Release\utils.obj
         Release\vector3.obj
     1>SOIL.lib(SOIL.obj) : warning LNK4075: ignoring '/EDITANDCONTINUE' due to '/OPT:ICF' specification
     1>LINK : warning LNK4098: defaultlib 'MSVCRTD' conflicts with use of other libs; use /NODEFAULTLIB:library
         Generating code
         3 of 627 functions ( 0.5%) were compiled, the rest were copied from previous compilation.
           0 functions were new in current compilation
           2 functions had inline decision re-evaluated but remain unchanged
         Finished generating code
         StarSystem.vcxproj -> C:\visual studio 2015\Projects\StarSystem\Release\StarSystem.exe
     1>Done Building Project "C:\visual studio 2015\Projects\StarSystem\StarSystem\StarSystem.vcxproj" (Build target(s)).

Build succeeded.

Time Elapsed 00:00:07.17
